app/build/outputs/logs/manifest-merger-debug-report.txt
-- Merging decision tree log ---
manifest
ADDED from src\main\AndroidManifest.xml:22:1-122:12
INJECTED from src\main\AndroidManifest.xml:22:1-122:12
INJECTED from src\main\AndroidManifest.xml:22:1-122:12
	package
		ADDED from src\main\AndroidManifest.xml:23:5-42
		INJECTED from src\main\AndroidManifest.xml
		INJECTED from src\main\AndroidManifest.xml
	xmlns:android
		ADDED from src\main\AndroidManifest.xml:22:11-69
application
ADDED from src\main\AndroidManifest.xml:27:5-120:19
	android:label
		ADDED from src\main\AndroidManifest.xml:28:9-41
	android:icon
		ADDED from src\main\AndroidManifest.xml:27:18-52
provider#com.example.android.notepad.datasource.NotePadProvider
ADDED from src\main\AndroidManifest.xml:30:9-34:20
	android:authorities
		ADDED from src\main\AndroidManifest.xml:31:13-62
	android:exported
		ADDED from src\main\AndroidManifest.xml:32:13-37
	android:name
		ADDED from src\main\AndroidManifest.xml:30:19-61
grant-uri-permission
ADDED from src\main\AndroidManifest.xml:33:13-62
	android:pathPattern
		ADDED from src\main\AndroidManifest.xml:33:35-59
activity#com.example.android.notepad.activity.NotesList
ADDED from src\main\AndroidManifest.xml:36:9-54:20
	android:label
		ADDED from src\main\AndroidManifest.xml:36:54-94
	android:theme
		ADDED from src\main\AndroidManifest.xml:37:13-60
	android:name
		ADDED from src\main\AndroidManifest.xml:36:19-53
intent-filter#action:name:android.intent.action.MAIN+category:name:android.intent.category.LAUNCHER
ADDED from src\main\AndroidManifest.xml:38:13-41:29
action#android.intent.action.MAIN
ADDED from src\main\AndroidManifest.xml:39:17-69
	android:name
		ADDED from src\main\AndroidManifest.xml:39:25-66
category#android.intent.category.LAUNCHER
ADDED from src\main\AndroidManifest.xml:40:17-77
	android:name
		ADDED from src\main\AndroidManifest.xml:40:27-74
intent-filter#action:name:android.intent.action.EDIT+action:name:android.intent.action.PICK+action:name:android.intent.action.VIEW+category:name:android.intent.category.DEFAULT+data:mimeType:vnd.android.cursor.dir/vnd.google.note
ADDED from src\main\AndroidManifest.xml:42:13-48:29
action#android.intent.action.VIEW
ADDED from src\main\AndroidManifest.xml:43:17-69
	android:name
		ADDED from src\main\AndroidManifest.xml:43:25-66
action#android.intent.action.EDIT
ADDED from src\main\AndroidManifest.xml:44:17-69
	android:name
		ADDED from src\main\AndroidManifest.xml:44:25-66
action#android.intent.action.PICK
ADDED from src\main\AndroidManifest.xml:45:17-69
	android:name
		ADDED from src\main\AndroidManifest.xml:45:25-66
category#android.intent.category.DEFAULT
ADDED from src\main\AndroidManifest.xml:46:17-76
	android:name
		ADDED from src\main\AndroidManifest.xml:46:27-73
data
ADDED from src\main\AndroidManifest.xml:47:17-83
	android:mimeType
		ADDED from src\main\AndroidManifest.xml:47:23-80
intent-filter#action:name:android.intent.action.GET_CONTENT+category:name:android.intent.category.DEFAULT+data:mimeType:vnd.android.cursor.item/vnd.google.note
ADDED from src\main\AndroidManifest.xml:49:13-53:29
action#android.intent.action.GET_CONTENT
ADDED from src\main\AndroidManifest.xml:50:17-76
	android:name
		ADDED from src\main\AndroidManifest.xml:50:25-73
activity#com.example.android.notepad.activity.NoteEditor
ADDED from src\main\AndroidManifest.xml:56:9-82:20
	android:screenOrientation
		ADDED from src\main\AndroidManifest.xml:58:13-47
	android:configChanges
		ADDED from src\main\AndroidManifest.xml:59:13-63
	android:theme
		ADDED from src\main\AndroidManifest.xml:57:13-60
	android:name
		ADDED from src\main\AndroidManifest.xml:56:19-54
intent-filter#action:name:android.intent.action.EDIT+action:name:android.intent.action.VIEW+action:name:com.android.notepad.action.EDIT_NOTE+category:name:android.intent.category.DEFAULT+data:mimeType:vnd.android.cursor.item/vnd.google.note
ADDED from src\main\AndroidManifest.xml:63:13-69:29
	android:label
		ADDED from src\main\AndroidManifest.xml:63:28-64
action#com.android.notepad.action.EDIT_NOTE
ADDED from src\main\AndroidManifest.xml:66:17-79
	android:name
		ADDED from src\main\AndroidManifest.xml:66:25-76
intent-filter#action:name:android.intent.action.INSERT+action:name:android.intent.action.PASTE+category:name:android.intent.category.DEFAULT+data:mimeType:vnd.android.cursor.dir/vnd.google.note
ADDED from src\main\AndroidManifest.xml:75:13-80:29
action#android.intent.action.INSERT
ADDED from src\main\AndroidManifest.xml:76:17-71
	android:name
		ADDED from src\main\AndroidManifest.xml:76:25-68
action#android.intent.action.PASTE
ADDED from src\main\AndroidManifest.xml:77:17-70
	android:name
		ADDED from src\main\AndroidManifest.xml:77:25-67
activity#com.example.android.notepad.activity.TitleEditor
ADDED from src\main\AndroidManifest.xml:84:9-109:20
	android:label
		ADDED from src\main\AndroidManifest.xml:85:13-53
	android:windowSoftInputMode
		ADDED from src\main\AndroidManifest.xml:88:13-55
	android:icon
		ADDED from src\main\AndroidManifest.xml:86:13-50
	android:theme
		ADDED from src\main\AndroidManifest.xml:87:13-61
	android:name
		ADDED from src\main\AndroidManifest.xml:84:19-55
intent-filter#action:name:com.android.notepad.action.EDIT_TITLE+category:name:android.intent.category.ALTERNATIVE+category:name:android.intent.category.DEFAULT+category:name:android.intent.category.SELECTED_ALTERNATIVE+data:mimeType:vnd.android.cursor.item/vnd.google.note
ADDED from src\main\AndroidManifest.xml:93:13-108:29
	android:label
		ADDED from src\main\AndroidManifest.xml:93:28-65
action#com.android.notepad.action.EDIT_TITLE
ADDED from src\main\AndroidManifest.xml:97:17-80
	android:name
		ADDED from src\main\AndroidManifest.xml:97:25-77
category#android.intent.category.ALTERNATIVE
ADDED from src\main\AndroidManifest.xml:102:17-80
	android:name
		ADDED from src\main\AndroidManifest.xml:102:27-77
category#android.intent.category.SELECTED_ALTERNATIVE
ADDED from src\main\AndroidManifest.xml:105:17-89
	android:name
		ADDED from src\main\AndroidManifest.xml:105:27-86
activity#com.example.android.notepad.activity.NotesLiveFolder
ADDED from src\main\AndroidManifest.xml:111:9-118:20
	android:label
		ADDED from src\main\AndroidManifest.xml:111:60-100
	android:icon
		ADDED from src\main\AndroidManifest.xml:112:13-55
	android:theme
		ADDED from src\main\AndroidManifest.xml:113:13-60
	android:name
		ADDED from src\main\AndroidManifest.xml:111:19-59
intent-filter#action:name:android.intent.action.CREATE_LIVE_FOLDER+category:name:android.intent.category.DEFAULT
ADDED from src\main\AndroidManifest.xml:114:13-117:29
action#android.intent.action.CREATE_LIVE_FOLDER
ADDED from src\main\AndroidManifest.xml:115:17-83
	android:name
		ADDED from src\main\AndroidManifest.xml:115:25-80